<?xml version="1.0" encoding="UTF-8"?>
<!-- Generated by org.testng.reporters.JUnitReportReporter -->
<testsuite skipped="0" hostname="Brians-MacBook-Air.local" name="_rob.ROB_Test_Example2" tests="2" failures="0" timestamp="07 Nov 2018 12:26:46 GMT" time="0.003" errors="0">
  <testcase name="step_2_2" time="0.002" classname="_rob.ROB_Test_Example2"/>
  <testcase name="step_1_2" time="0.001" classname="_rob.ROB_Test_Example2"/>
</testsuite> <!-- _rob.ROB_Test_Example2 -->
